log_0 1234 cora gcn_16 100 log_0/30/1234/cora_gcn_16_reg-100.log 0.8560
log_0 1234 citeseer gcn_16 100 log_0/30/1234/citeseer_gcn_16_reg-100.log 0.7420
log_0 1234 pubmed gcn_16 100 log_0/30/1234/pubmed_gcn_16_reg-100.log 0.7910
log_0 2345 cora gcn_16 100 log_0/30/2345/cora_gcn_16_reg-100.log 0.8530
log_0 2345 citeseer gcn_16 100 log_0/30/2345/citeseer_gcn_16_reg-100.log 0.7110
log_0 2345 pubmed gcn_16 100 log_0/30/2345/pubmed_gcn_16_reg-100.log 0.7930
log_0 5130 cora gcn_16 100 log_0/30/5130/cora_gcn_16_reg-100.log 0.8580
log_0 5130 citeseer gcn_16 100 log_0/30/5130/citeseer_gcn_16_reg-100.log 0.7330
log_0 5130 pubmed gcn_16 100 log_0/30/5130/pubmed_gcn_16_reg-100.log 0.7680
log_0 7840 cora gcn_16 100 log_0/30/7840/cora_gcn_16_reg-100.log 0.8530
log_0 7840 citeseer gcn_16 100 log_0/30/7840/citeseer_gcn_16_reg-100.log 0.7150
log_0 7840 pubmed gcn_16 100 log_0/30/7840/pubmed_gcn_16_reg-100.log 0.7820
log_0 9997 cora gcn_16 100 log_0/30/9997/cora_gcn_16_reg-100.log 0.8590
log_0 9997 citeseer gcn_16 100 log_0/30/9997/citeseer_gcn_16_reg-100.log 0.7230
log_0 9997 pubmed gcn_16 100 log_0/30/9997/pubmed_gcn_16_reg-100.log 0.7830
log_0.3 1234 cora gcn_16 100 log_0.3/30/1234/cora_gcn_16_reg-100.log 0.7630
log_0.3 1234 citeseer gcn_16 100 log_0.3/30/1234/citeseer_gcn_16_reg-100.log 0.6600
log_0.3 1234 pubmed gcn_16 100 log_0.3/30/1234/pubmed_gcn_16_reg-100.log 0.7110
log_0.3 2345 cora gcn_16 100 log_0.3/30/2345/cora_gcn_16_reg-100.log 0.7550
log_0.3 2345 citeseer gcn_16 100 log_0.3/30/2345/citeseer_gcn_16_reg-100.log 0.6490
log_0.3 2345 pubmed gcn_16 100 log_0.3/30/2345/pubmed_gcn_16_reg-100.log 0.6960
log_0.3 5130 cora gcn_16 100 log_0.3/30/5130/cora_gcn_16_reg-100.log 0.7680
log_0.3 5130 citeseer gcn_16 100 log_0.3/30/5130/citeseer_gcn_16_reg-100.log 0.6540
log_0.3 5130 pubmed gcn_16 100 log_0.3/30/5130/pubmed_gcn_16_reg-100.log 0.7040
log_0.3 7840 cora gcn_16 100 log_0.3/30/7840/cora_gcn_16_reg-100.log 0.7570
log_0.3 7840 citeseer gcn_16 100 log_0.3/30/7840/citeseer_gcn_16_reg-100.log 0.6390
log_0.3 7840 pubmed gcn_16 100 log_0.3/30/7840/pubmed_gcn_16_reg-100.log 0.6960
log_0.3 9997 cora gcn_16 100 log_0.3/30/9997/cora_gcn_16_reg-100.log 0.7690
log_0.3 9997 citeseer gcn_16 100 log_0.3/30/9997/citeseer_gcn_16_reg-100.log 0.6510
log_0.3 9997 pubmed gcn_16 100 log_0.3/30/9997/pubmed_gcn_16_reg-100.log 0.7200
log_0.5 1234 cora gcn_16 100 log_0.5/30/1234/cora_gcn_16_reg-100.log 0.6580
log_0.5 1234 citeseer gcn_16 100 log_0.5/30/1234/citeseer_gcn_16_reg-100.log 0.5640
log_0.5 1234 pubmed gcn_16 100 log_0.5/30/1234/pubmed_gcn_16_reg-100.log 0.6680
log_0.5 2345 cora gcn_16 100 log_0.5/30/2345/cora_gcn_16_reg-100.log 0.6630
log_0.5 2345 citeseer gcn_16 100 log_0.5/30/2345/citeseer_gcn_16_reg-100.log 0.5740
log_0.5 2345 pubmed gcn_16 100 log_0.5/30/2345/pubmed_gcn_16_reg-100.log 0.6570
log_0.5 5130 cora gcn_16 100 log_0.5/30/5130/cora_gcn_16_reg-100.log 0.6840
log_0.5 5130 citeseer gcn_16 100 log_0.5/30/5130/citeseer_gcn_16_reg-100.log 0.5610
log_0.5 5130 pubmed gcn_16 100 log_0.5/30/5130/pubmed_gcn_16_reg-100.log 0.6620
log_0.5 7840 cora gcn_16 100 log_0.5/30/7840/cora_gcn_16_reg-100.log 0.6900
log_0.5 7840 citeseer gcn_16 100 log_0.5/30/7840/citeseer_gcn_16_reg-100.log 0.5700
log_0.5 7840 pubmed gcn_16 100 log_0.5/30/7840/pubmed_gcn_16_reg-100.log 0.6540
log_0.5 9997 cora gcn_16 100 log_0.5/30/9997/cora_gcn_16_reg-100.log 0.6730
log_0.5 9997 citeseer gcn_16 100 log_0.5/30/9997/citeseer_gcn_16_reg-100.log 0.5740
log_0.5 9997 pubmed gcn_16 100 log_0.5/30/9997/pubmed_gcn_16_reg-100.log 0.6560
