log_0 1234 cora mlp_128 log_0/1234/cora_mlp_128.log 0.7900
log_0 2345 cora mlp_128 log_0/2345/cora_mlp_128.log 0.8010
log_0 9999 cora mlp_128 log_0/9999/cora_mlp_128.log 0.7820
log_0 7839 cora mlp_128 log_0/7839/cora_mlp_128.log 0.7940
log_0 5129 cora mlp_128 log_0/5129/cora_mlp_128.log 0.7850
log_0 3584 cora mlp_128 log_0/3584/cora_mlp_128.log 0.7920
log_0 4976 cora mlp_128 log_0/4976/cora_mlp_128.log 0.8180
log_0 2360 cora mlp_128 log_0/2360/cora_mlp_128.log 0.7840
log_0 1112 cora mlp_128 log_0/1112/cora_mlp_128.log 0.7990
log_0 7713 cora mlp_128 log_0/7713/cora_mlp_128.log 0.7990
log_0 1234 cora mlp_32_32_32_32 log_0/1234/cora_mlp_32_32_32_32.log 0.7890
log_0 2345 cora mlp_32_32_32_32 log_0/2345/cora_mlp_32_32_32_32.log 0.7790
log_0 9999 cora mlp_32_32_32_32 log_0/9999/cora_mlp_32_32_32_32.log 0.7920
log_0 7839 cora mlp_32_32_32_32 log_0/7839/cora_mlp_32_32_32_32.log 0.8080
log_0 5129 cora mlp_32_32_32_32 log_0/5129/cora_mlp_32_32_32_32.log 0.7970
log_0 3584 cora mlp_32_32_32_32 log_0/3584/cora_mlp_32_32_32_32.log 0.7220
log_0 4976 cora mlp_32_32_32_32 log_0/4976/cora_mlp_32_32_32_32.log 0.7820
log_0 2360 cora mlp_32_32_32_32 log_0/2360/cora_mlp_32_32_32_32.log 0.7870
log_0 1112 cora mlp_32_32_32_32 log_0/1112/cora_mlp_32_32_32_32.log 0.7980
log_0 7713 cora mlp_32_32_32_32 log_0/7713/cora_mlp_32_32_32_32.log 0.7980
log_0 1234 cora gcn_128 log_0/1234/cora_gcn_128.log 0.8590
log_0 2345 cora gcn_128 log_0/2345/cora_gcn_128.log 0.8500
log_0 9999 cora gcn_128 log_0/9999/cora_gcn_128.log 0.8490
log_0 7839 cora gcn_128 log_0/7839/cora_gcn_128.log 0.8540
log_0 5129 cora gcn_128 log_0/5129/cora_gcn_128.log 0.8550
log_0 3584 cora gcn_128 log_0/3584/cora_gcn_128.log 0.8520
log_0 4976 cora gcn_128 log_0/4976/cora_gcn_128.log 0.8560
log_0 2360 cora gcn_128 log_0/2360/cora_gcn_128.log 0.8530
log_0 1112 cora gcn_128 log_0/1112/cora_gcn_128.log 0.8610
log_0 7713 cora gcn_128 log_0/7713/cora_gcn_128.log 0.8500
log_0 1234 citeseer mlp_128 log_0/1234/citeseer_mlp_128.log 0.7100
log_0 2345 citeseer mlp_128 log_0/2345/citeseer_mlp_128.log 0.7340
log_0 9999 citeseer mlp_128 log_0/9999/citeseer_mlp_128.log 0.7330
log_0 7839 citeseer mlp_128 log_0/7839/citeseer_mlp_128.log 0.7250
log_0 5129 citeseer mlp_128 log_0/5129/citeseer_mlp_128.log 0.7300
log_0 3584 citeseer mlp_128 log_0/3584/citeseer_mlp_128.log 0.7240
log_0 4976 citeseer mlp_128 log_0/4976/citeseer_mlp_128.log 0.7250
log_0 2360 citeseer mlp_128 log_0/2360/citeseer_mlp_128.log 0.7030
log_0 1112 citeseer mlp_128 log_0/1112/citeseer_mlp_128.log 0.7220
log_0 7713 citeseer mlp_128 log_0/7713/citeseer_mlp_128.log 0.7060
log_0 1234 citeseer mlp_32_32_32_32 log_0/1234/citeseer_mlp_32_32_32_32.log 0.7050
log_0 2345 citeseer mlp_32_32_32_32 log_0/2345/citeseer_mlp_32_32_32_32.log 0.6660
log_0 9999 citeseer mlp_32_32_32_32 log_0/9999/citeseer_mlp_32_32_32_32.log 0.6920
log_0 7839 citeseer mlp_32_32_32_32 log_0/7839/citeseer_mlp_32_32_32_32.log 0.6880
log_0 5129 citeseer mlp_32_32_32_32 log_0/5129/citeseer_mlp_32_32_32_32.log 0.6730
log_0 3584 citeseer mlp_32_32_32_32 log_0/3584/citeseer_mlp_32_32_32_32.log 0.7120
log_0 4976 citeseer mlp_32_32_32_32 log_0/4976/citeseer_mlp_32_32_32_32.log 0.6920
log_0 2360 citeseer mlp_32_32_32_32 log_0/2360/citeseer_mlp_32_32_32_32.log 0.6800
log_0 1112 citeseer mlp_32_32_32_32 log_0/1112/citeseer_mlp_32_32_32_32.log 0.6980
log_0 7713 citeseer mlp_32_32_32_32 log_0/7713/citeseer_mlp_32_32_32_32.log 0.7060
log_0 1234 citeseer gcn_128 log_0/1234/citeseer_gcn_128.log 0.7360
log_0 2345 citeseer gcn_128 log_0/2345/citeseer_gcn_128.log 0.7260
log_0 9999 citeseer gcn_128 log_0/9999/citeseer_gcn_128.log 0.7330
log_0 7839 citeseer gcn_128 log_0/7839/citeseer_gcn_128.log 0.7250
log_0 5129 citeseer gcn_128 log_0/5129/citeseer_gcn_128.log 0.7400
log_0 3584 citeseer gcn_128 log_0/3584/citeseer_gcn_128.log 0.7410
log_0 4976 citeseer gcn_128 log_0/4976/citeseer_gcn_128.log 0.7330
log_0 2360 citeseer gcn_128 log_0/2360/citeseer_gcn_128.log 0.7340
log_0 1112 citeseer gcn_128 log_0/1112/citeseer_gcn_128.log 0.7210
log_0 7713 citeseer gcn_128 log_0/7713/citeseer_gcn_128.log 0.7250
log_0 1234 pubmed mlp_128 log_0/1234/pubmed_mlp_128.log 0.7070
log_0 2345 pubmed mlp_128 log_0/2345/pubmed_mlp_128.log 0.7650
log_0 9999 pubmed mlp_128 log_0/9999/pubmed_mlp_128.log 0.7240
log_0 7839 pubmed mlp_128 log_0/7839/pubmed_mlp_128.log 0.7210
log_0 5129 pubmed mlp_128 log_0/5129/pubmed_mlp_128.log 0.7470
log_0 3584 pubmed mlp_128 log_0/3584/pubmed_mlp_128.log 0.7620
log_0 4976 pubmed mlp_128 log_0/4976/pubmed_mlp_128.log 0.7140
log_0 2360 pubmed mlp_128 log_0/2360/pubmed_mlp_128.log 0.7560
log_0 1112 pubmed mlp_128 log_0/1112/pubmed_mlp_128.log 0.7050
log_0 7713 pubmed mlp_128 log_0/7713/pubmed_mlp_128.log 0.7620
log_0 1234 pubmed mlp_32_32_32_32 log_0/1234/pubmed_mlp_32_32_32_32.log 0.7430
log_0 2345 pubmed mlp_32_32_32_32 log_0/2345/pubmed_mlp_32_32_32_32.log 0.7590
log_0 9999 pubmed mlp_32_32_32_32 log_0/9999/pubmed_mlp_32_32_32_32.log 0.7380
log_0 7839 pubmed mlp_32_32_32_32 log_0/7839/pubmed_mlp_32_32_32_32.log 0.7520
log_0 5129 pubmed mlp_32_32_32_32 log_0/5129/pubmed_mlp_32_32_32_32.log 0.7390
log_0 3584 pubmed mlp_32_32_32_32 log_0/3584/pubmed_mlp_32_32_32_32.log 0.7390
log_0 4976 pubmed mlp_32_32_32_32 log_0/4976/pubmed_mlp_32_32_32_32.log 0.7370
log_0 2360 pubmed mlp_32_32_32_32 log_0/2360/pubmed_mlp_32_32_32_32.log 0.7470
log_0 1112 pubmed mlp_32_32_32_32 log_0/1112/pubmed_mlp_32_32_32_32.log 0.7550
log_0 7713 pubmed mlp_32_32_32_32 log_0/7713/pubmed_mlp_32_32_32_32.log 0.7290
log_0 1234 pubmed gcn_128 log_0/1234/pubmed_gcn_128.log 0.7900
log_0 2345 pubmed gcn_128 log_0/2345/pubmed_gcn_128.log 0.7850
log_0 9999 pubmed gcn_128 log_0/9999/pubmed_gcn_128.log 0.7880
log_0 7839 pubmed gcn_128 log_0/7839/pubmed_gcn_128.log 0.7920
log_0 5129 pubmed gcn_128 log_0/5129/pubmed_gcn_128.log 0.7810
log_0 3584 pubmed gcn_128 log_0/3584/pubmed_gcn_128.log 0.7820
log_0 4976 pubmed gcn_128 log_0/4976/pubmed_gcn_128.log 0.7820
log_0 2360 pubmed gcn_128 log_0/2360/pubmed_gcn_128.log 0.7750
log_0 1112 pubmed gcn_128 log_0/1112/pubmed_gcn_128.log 0.7790
log_0 7713 pubmed gcn_128 log_0/7713/pubmed_gcn_128.log 0.7810
log_0.3 1234 cora mlp_128 log_0.3/1234/cora_mlp_128.log 0.6930
log_0.3 2345 cora mlp_128 log_0.3/2345/cora_mlp_128.log 0.7290
log_0.3 9999 cora mlp_128 log_0.3/9999/cora_mlp_128.log 0.7260
log_0.3 7839 cora mlp_128 log_0.3/7839/cora_mlp_128.log 0.7280
log_0.3 5129 cora mlp_128 log_0.3/5129/cora_mlp_128.log 0.7240
log_0.3 3584 cora mlp_128 log_0.3/3584/cora_mlp_128.log 0.7190
log_0.3 4976 cora mlp_128 log_0.3/4976/cora_mlp_128.log 0.7480
log_0.3 2360 cora mlp_128 log_0.3/2360/cora_mlp_128.log 0.7030
log_0.3 1112 cora mlp_128 log_0.3/1112/cora_mlp_128.log 0.7270
log_0.3 7713 cora mlp_128 log_0.3/7713/cora_mlp_128.log 0.7380
log_0.3 1234 cora mlp_32_32_32_32 log_0.3/1234/cora_mlp_32_32_32_32.log 0.6630
log_0.3 2345 cora mlp_32_32_32_32 log_0.3/2345/cora_mlp_32_32_32_32.log 0.6550
log_0.3 9999 cora mlp_32_32_32_32 log_0.3/9999/cora_mlp_32_32_32_32.log 0.6530
log_0.3 7839 cora mlp_32_32_32_32 log_0.3/7839/cora_mlp_32_32_32_32.log 0.6540
log_0.3 5129 cora mlp_32_32_32_32 log_0.3/5129/cora_mlp_32_32_32_32.log 0.6580
log_0.3 3584 cora mlp_32_32_32_32 log_0.3/3584/cora_mlp_32_32_32_32.log 0.6740
log_0.3 4976 cora mlp_32_32_32_32 log_0.3/4976/cora_mlp_32_32_32_32.log 0.7050
log_0.3 2360 cora mlp_32_32_32_32 log_0.3/2360/cora_mlp_32_32_32_32.log 0.6480
log_0.3 1112 cora mlp_32_32_32_32 log_0.3/1112/cora_mlp_32_32_32_32.log 0.6280
log_0.3 7713 cora mlp_32_32_32_32 log_0.3/7713/cora_mlp_32_32_32_32.log 0.6730
log_0.3 1234 cora gcn_128 log_0.3/1234/cora_gcn_128.log 0.7670
log_0.3 2345 cora gcn_128 log_0.3/2345/cora_gcn_128.log 0.7710
log_0.3 9999 cora gcn_128 log_0.3/9999/cora_gcn_128.log 0.7690
log_0.3 7839 cora gcn_128 log_0.3/7839/cora_gcn_128.log 0.7600
log_0.3 5129 cora gcn_128 log_0.3/5129/cora_gcn_128.log 0.7790
log_0.3 3584 cora gcn_128 log_0.3/3584/cora_gcn_128.log 0.7620
log_0.3 4976 cora gcn_128 log_0.3/4976/cora_gcn_128.log 0.7750
log_0.3 2360 cora gcn_128 log_0.3/2360/cora_gcn_128.log 0.7640
log_0.3 1112 cora gcn_128 log_0.3/1112/cora_gcn_128.log 0.7680
log_0.3 7713 cora gcn_128 log_0.3/7713/cora_gcn_128.log 0.7700
log_0.3 1234 citeseer mlp_128 log_0.3/1234/citeseer_mlp_128.log 0.6960
log_0.3 2345 citeseer mlp_128 log_0.3/2345/citeseer_mlp_128.log 0.6910
log_0.3 9999 citeseer mlp_128 log_0.3/9999/citeseer_mlp_128.log 0.6970
log_0.3 7839 citeseer mlp_128 log_0.3/7839/citeseer_mlp_128.log 0.7200
log_0.3 5129 citeseer mlp_128 log_0.3/5129/citeseer_mlp_128.log 0.7080
log_0.3 3584 citeseer mlp_128 log_0.3/3584/citeseer_mlp_128.log 0.6950
log_0.3 4976 citeseer mlp_128 log_0.3/4976/citeseer_mlp_128.log 0.6690
log_0.3 2360 citeseer mlp_128 log_0.3/2360/citeseer_mlp_128.log 0.6990
log_0.3 1112 citeseer mlp_128 log_0.3/1112/citeseer_mlp_128.log 0.6920
log_0.3 7713 citeseer mlp_128 log_0.3/7713/citeseer_mlp_128.log 0.6820
log_0.3 1234 citeseer mlp_32_32_32_32 log_0.3/1234/citeseer_mlp_32_32_32_32.log 0.6880
log_0.3 2345 citeseer mlp_32_32_32_32 log_0.3/2345/citeseer_mlp_32_32_32_32.log 0.6440
log_0.3 9999 citeseer mlp_32_32_32_32 log_0.3/9999/citeseer_mlp_32_32_32_32.log 0.6870
log_0.3 7839 citeseer mlp_32_32_32_32 log_0.3/7839/citeseer_mlp_32_32_32_32.log 0.6580
log_0.3 5129 citeseer mlp_32_32_32_32 log_0.3/5129/citeseer_mlp_32_32_32_32.log 0.6780
log_0.3 3584 citeseer mlp_32_32_32_32 log_0.3/3584/citeseer_mlp_32_32_32_32.log 0.6890
log_0.3 4976 citeseer mlp_32_32_32_32 log_0.3/4976/citeseer_mlp_32_32_32_32.log 0.6840
log_0.3 2360 citeseer mlp_32_32_32_32 log_0.3/2360/citeseer_mlp_32_32_32_32.log 0.6670
log_0.3 1112 citeseer mlp_32_32_32_32 log_0.3/1112/citeseer_mlp_32_32_32_32.log 0.7140
log_0.3 7713 citeseer mlp_32_32_32_32 log_0.3/7713/citeseer_mlp_32_32_32_32.log 0.6860
log_0.3 1234 citeseer gcn_128 log_0.3/1234/citeseer_gcn_128.log 0.6490
log_0.3 2345 citeseer gcn_128 log_0.3/2345/citeseer_gcn_128.log 0.6570
log_0.3 9999 citeseer gcn_128 log_0.3/9999/citeseer_gcn_128.log 0.6580
log_0.3 7839 citeseer gcn_128 log_0.3/7839/citeseer_gcn_128.log 0.6650
log_0.3 5129 citeseer gcn_128 log_0.3/5129/citeseer_gcn_128.log 0.6560
log_0.3 3584 citeseer gcn_128 log_0.3/3584/citeseer_gcn_128.log 0.6680
log_0.3 4976 citeseer gcn_128 log_0.3/4976/citeseer_gcn_128.log 0.6460
log_0.3 2360 citeseer gcn_128 log_0.3/2360/citeseer_gcn_128.log 0.6490
log_0.3 1112 citeseer gcn_128 log_0.3/1112/citeseer_gcn_128.log 0.6560
log_0.3 7713 citeseer gcn_128 log_0.3/7713/citeseer_gcn_128.log 0.6440
log_0.3 1234 pubmed mlp_128 log_0.3/1234/pubmed_mlp_128.log 0.7100
log_0.3 2345 pubmed mlp_128 log_0.3/2345/pubmed_mlp_128.log 0.6970
log_0.3 9999 pubmed mlp_128 log_0.3/9999/pubmed_mlp_128.log 0.6980
log_0.3 7839 pubmed mlp_128 log_0.3/7839/pubmed_mlp_128.log 0.7000
log_0.3 5129 pubmed mlp_128 log_0.3/5129/pubmed_mlp_128.log 0.7010
log_0.3 3584 pubmed mlp_128 log_0.3/3584/pubmed_mlp_128.log 0.7030
log_0.3 4976 pubmed mlp_128 log_0.3/4976/pubmed_mlp_128.log 0.7080
log_0.3 2360 pubmed mlp_128 log_0.3/2360/pubmed_mlp_128.log 0.6870
log_0.3 1112 pubmed mlp_128 log_0.3/1112/pubmed_mlp_128.log 0.6980
log_0.3 7713 pubmed mlp_128 log_0.3/7713/pubmed_mlp_128.log 0.7110
log_0.3 1234 pubmed mlp_32_32_32_32 log_0.3/1234/pubmed_mlp_32_32_32_32.log 0.6760
log_0.3 2345 pubmed mlp_32_32_32_32 log_0.3/2345/pubmed_mlp_32_32_32_32.log 0.6540
log_0.3 9999 pubmed mlp_32_32_32_32 log_0.3/9999/pubmed_mlp_32_32_32_32.log 0.7100
log_0.3 7839 pubmed mlp_32_32_32_32 log_0.3/7839/pubmed_mlp_32_32_32_32.log 0.6880
log_0.3 5129 pubmed mlp_32_32_32_32 log_0.3/5129/pubmed_mlp_32_32_32_32.log 0.7020
log_0.3 3584 pubmed mlp_32_32_32_32 log_0.3/3584/pubmed_mlp_32_32_32_32.log 0.6850
log_0.3 4976 pubmed mlp_32_32_32_32 log_0.3/4976/pubmed_mlp_32_32_32_32.log 0.6810
log_0.3 2360 pubmed mlp_32_32_32_32 log_0.3/2360/pubmed_mlp_32_32_32_32.log 0.6840
log_0.3 1112 pubmed mlp_32_32_32_32 log_0.3/1112/pubmed_mlp_32_32_32_32.log 0.7010
log_0.3 7713 pubmed mlp_32_32_32_32 log_0.3/7713/pubmed_mlp_32_32_32_32.log 0.7020
log_0.3 1234 pubmed gcn_128 log_0.3/1234/pubmed_gcn_128.log 0.7140
log_0.3 2345 pubmed gcn_128 log_0.3/2345/pubmed_gcn_128.log 0.7190
log_0.3 9999 pubmed gcn_128 log_0.3/9999/pubmed_gcn_128.log 0.7040
log_0.3 7839 pubmed gcn_128 log_0.3/7839/pubmed_gcn_128.log 0.7160
log_0.3 5129 pubmed gcn_128 log_0.3/5129/pubmed_gcn_128.log 0.7200
log_0.3 3584 pubmed gcn_128 log_0.3/3584/pubmed_gcn_128.log 0.7320
log_0.3 4976 pubmed gcn_128 log_0.3/4976/pubmed_gcn_128.log 0.7070
log_0.3 2360 pubmed gcn_128 log_0.3/2360/pubmed_gcn_128.log 0.7100
log_0.3 1112 pubmed gcn_128 log_0.3/1112/pubmed_gcn_128.log 0.7190
log_0.3 7713 pubmed gcn_128 log_0.3/7713/pubmed_gcn_128.log 0.7180
log_0.5 1234 cora mlp_128 log_0.5/1234/cora_mlp_128.log 0.6690
log_0.5 2345 cora mlp_128 log_0.5/2345/cora_mlp_128.log 0.6650
log_0.5 9999 cora mlp_128 log_0.5/9999/cora_mlp_128.log 0.6710
log_0.5 7839 cora mlp_128 log_0.5/7839/cora_mlp_128.log 0.6740
log_0.5 5129 cora mlp_128 log_0.5/5129/cora_mlp_128.log 0.7070
log_0.5 3584 cora mlp_128 log_0.5/3584/cora_mlp_128.log 0.6870
log_0.5 4976 cora mlp_128 log_0.5/4976/cora_mlp_128.log 0.6820
log_0.5 2360 cora mlp_128 log_0.5/2360/cora_mlp_128.log 0.6910
log_0.5 1112 cora mlp_128 log_0.5/1112/cora_mlp_128.log 0.6810
log_0.5 7713 cora mlp_128 log_0.5/7713/cora_mlp_128.log 0.6950
log_0.5 1234 cora mlp_32_32_32_32 log_0.5/1234/cora_mlp_32_32_32_32.log 0.6150
log_0.5 2345 cora mlp_32_32_32_32 log_0.5/2345/cora_mlp_32_32_32_32.log 0.6030
log_0.5 9999 cora mlp_32_32_32_32 log_0.5/9999/cora_mlp_32_32_32_32.log 0.5620
log_0.5 7839 cora mlp_32_32_32_32 log_0.5/7839/cora_mlp_32_32_32_32.log 0.5890
log_0.5 5129 cora mlp_32_32_32_32 log_0.5/5129/cora_mlp_32_32_32_32.log 0.5660
log_0.5 3584 cora mlp_32_32_32_32 log_0.5/3584/cora_mlp_32_32_32_32.log 0.5780
log_0.5 4976 cora mlp_32_32_32_32 log_0.5/4976/cora_mlp_32_32_32_32.log 0.5800
log_0.5 2360 cora mlp_32_32_32_32 log_0.5/2360/cora_mlp_32_32_32_32.log 0.5530
log_0.5 1112 cora mlp_32_32_32_32 log_0.5/1112/cora_mlp_32_32_32_32.log 0.6030
log_0.5 7713 cora mlp_32_32_32_32 log_0.5/7713/cora_mlp_32_32_32_32.log 0.5940
log_0.5 1234 cora gcn_128 log_0.5/1234/cora_gcn_128.log 0.6810
log_0.5 2345 cora gcn_128 log_0.5/2345/cora_gcn_128.log 0.6810
log_0.5 9999 cora gcn_128 log_0.5/9999/cora_gcn_128.log 0.6590
log_0.5 7839 cora gcn_128 log_0.5/7839/cora_gcn_128.log 0.6820
log_0.5 5129 cora gcn_128 log_0.5/5129/cora_gcn_128.log 0.6710
log_0.5 3584 cora gcn_128 log_0.5/3584/cora_gcn_128.log 0.6700
log_0.5 4976 cora gcn_128 log_0.5/4976/cora_gcn_128.log 0.6720
log_0.5 2360 cora gcn_128 log_0.5/2360/cora_gcn_128.log 0.6710
log_0.5 1112 cora gcn_128 log_0.5/1112/cora_gcn_128.log 0.6830
log_0.5 7713 cora gcn_128 log_0.5/7713/cora_gcn_128.log 0.6750
log_0.5 1234 citeseer mlp_128 log_0.5/1234/citeseer_mlp_128.log 0.6890
log_0.5 2345 citeseer mlp_128 log_0.5/2345/citeseer_mlp_128.log 0.7000
log_0.5 9999 citeseer mlp_128 log_0.5/9999/citeseer_mlp_128.log 0.7100
log_0.5 7839 citeseer mlp_128 log_0.5/7839/citeseer_mlp_128.log 0.7060
log_0.5 5129 citeseer mlp_128 log_0.5/5129/citeseer_mlp_128.log 0.7090
log_0.5 3584 citeseer mlp_128 log_0.5/3584/citeseer_mlp_128.log 0.7050
log_0.5 4976 citeseer mlp_128 log_0.5/4976/citeseer_mlp_128.log 0.6690
log_0.5 2360 citeseer mlp_128 log_0.5/2360/citeseer_mlp_128.log 0.7010
log_0.5 1112 citeseer mlp_128 log_0.5/1112/citeseer_mlp_128.log 0.6850
log_0.5 7713 citeseer mlp_128 log_0.5/7713/citeseer_mlp_128.log 0.6870
log_0.5 1234 citeseer mlp_32_32_32_32 log_0.5/1234/citeseer_mlp_32_32_32_32.log 0.6860
log_0.5 2345 citeseer mlp_32_32_32_32 log_0.5/2345/citeseer_mlp_32_32_32_32.log 0.6530
log_0.5 9999 citeseer mlp_32_32_32_32 log_0.5/9999/citeseer_mlp_32_32_32_32.log 0.6920
log_0.5 7839 citeseer mlp_32_32_32_32 log_0.5/7839/citeseer_mlp_32_32_32_32.log 0.6740
log_0.5 5129 citeseer mlp_32_32_32_32 log_0.5/5129/citeseer_mlp_32_32_32_32.log 0.6610
log_0.5 3584 citeseer mlp_32_32_32_32 log_0.5/3584/citeseer_mlp_32_32_32_32.log 0.7050
log_0.5 4976 citeseer mlp_32_32_32_32 log_0.5/4976/citeseer_mlp_32_32_32_32.log 0.6840
log_0.5 2360 citeseer mlp_32_32_32_32 log_0.5/2360/citeseer_mlp_32_32_32_32.log 0.6890
log_0.5 1112 citeseer mlp_32_32_32_32 log_0.5/1112/citeseer_mlp_32_32_32_32.log 0.6870
log_0.5 7713 citeseer mlp_32_32_32_32 log_0.5/7713/citeseer_mlp_32_32_32_32.log 0.6800
log_0.5 1234 citeseer gcn_128 log_0.5/1234/citeseer_gcn_128.log 0.5780
log_0.5 2345 citeseer gcn_128 log_0.5/2345/citeseer_gcn_128.log 0.5900
log_0.5 9999 citeseer gcn_128 log_0.5/9999/citeseer_gcn_128.log 0.5900
log_0.5 7839 citeseer gcn_128 log_0.5/7839/citeseer_gcn_128.log 0.5910
log_0.5 5129 citeseer gcn_128 log_0.5/5129/citeseer_gcn_128.log 0.5880
log_0.5 3584 citeseer gcn_128 log_0.5/3584/citeseer_gcn_128.log 0.5830
log_0.5 4976 citeseer gcn_128 log_0.5/4976/citeseer_gcn_128.log 0.5980
log_0.5 2360 citeseer gcn_128 log_0.5/2360/citeseer_gcn_128.log 0.5870
log_0.5 1112 citeseer gcn_128 log_0.5/1112/citeseer_gcn_128.log 0.5910
log_0.5 7713 citeseer gcn_128 log_0.5/7713/citeseer_gcn_128.log 0.5860
log_0.5 1234 pubmed mlp_128 log_0.5/1234/pubmed_mlp_128.log 0.7260
log_0.5 2345 pubmed mlp_128 log_0.5/2345/pubmed_mlp_128.log 0.7190
log_0.5 9999 pubmed mlp_128 log_0.5/9999/pubmed_mlp_128.log 0.7210
log_0.5 7839 pubmed mlp_128 log_0.5/7839/pubmed_mlp_128.log 0.7170
log_0.5 5129 pubmed mlp_128 log_0.5/5129/pubmed_mlp_128.log 0.7200
log_0.5 3584 pubmed mlp_128 log_0.5/3584/pubmed_mlp_128.log 0.7180
log_0.5 4976 pubmed mlp_128 log_0.5/4976/pubmed_mlp_128.log 0.7090
log_0.5 2360 pubmed mlp_128 log_0.5/2360/pubmed_mlp_128.log 0.7250
log_0.5 1112 pubmed mlp_128 log_0.5/1112/pubmed_mlp_128.log 0.7220
log_0.5 7713 pubmed mlp_128 log_0.5/7713/pubmed_mlp_128.log 0.7170
log_0.5 1234 pubmed mlp_32_32_32_32 log_0.5/1234/pubmed_mlp_32_32_32_32.log 0.6960
log_0.5 2345 pubmed mlp_32_32_32_32 log_0.5/2345/pubmed_mlp_32_32_32_32.log 0.6660
log_0.5 9999 pubmed mlp_32_32_32_32 log_0.5/9999/pubmed_mlp_32_32_32_32.log 0.6770
log_0.5 7839 pubmed mlp_32_32_32_32 log_0.5/7839/pubmed_mlp_32_32_32_32.log 0.6820
log_0.5 5129 pubmed mlp_32_32_32_32 log_0.5/5129/pubmed_mlp_32_32_32_32.log 0.6560
log_0.5 3584 pubmed mlp_32_32_32_32 log_0.5/3584/pubmed_mlp_32_32_32_32.log 0.7070
log_0.5 4976 pubmed mlp_32_32_32_32 log_0.5/4976/pubmed_mlp_32_32_32_32.log 0.6810
log_0.5 2360 pubmed mlp_32_32_32_32 log_0.5/2360/pubmed_mlp_32_32_32_32.log 0.6770
log_0.5 1112 pubmed mlp_32_32_32_32 log_0.5/1112/pubmed_mlp_32_32_32_32.log 0.6610
log_0.5 7713 pubmed mlp_32_32_32_32 log_0.5/7713/pubmed_mlp_32_32_32_32.log 0.6880
log_0.5 1234 pubmed gcn_128 log_0.5/1234/pubmed_gcn_128.log 0.6840
log_0.5 2345 pubmed gcn_128 log_0.5/2345/pubmed_gcn_128.log 0.6580
log_0.5 9999 pubmed gcn_128 log_0.5/9999/pubmed_gcn_128.log 0.6840
log_0.5 7839 pubmed gcn_128 log_0.5/7839/pubmed_gcn_128.log 0.6630
log_0.5 5129 pubmed gcn_128 log_0.5/5129/pubmed_gcn_128.log 0.6480
log_0.5 3584 pubmed gcn_128 log_0.5/3584/pubmed_gcn_128.log 0.6500
log_0.5 4976 pubmed gcn_128 log_0.5/4976/pubmed_gcn_128.log 0.6550
log_0.5 2360 pubmed gcn_128 log_0.5/2360/pubmed_gcn_128.log 0.6640
log_0.5 1112 pubmed gcn_128 log_0.5/1112/pubmed_gcn_128.log 0.6630
log_0.5 7713 pubmed gcn_128 log_0.5/7713/pubmed_gcn_128.log 0.6590
